# Conditions read from  CMS_CONDITIONS  via FrontierProd 
10-Mar-2016 09:35:08 GMT  Initiating request to open file file:/hdfs/dpm/phy.bris.ac.uk/home/cms/store/mc/RunIIFall15DR76/QCD_Pt-15to3000_TuneCUETP8M1_Flat_13TeV_pythia8/AODSIM/25nsFlat0to50NzshcalRaw_76X_mcRun2_asymptotic_v12-v1/20000/1E2B5203-7AAA-E511-B6FD-0CC47A4D762A.root
10-Mar-2016 09:35:08 GMT  Fallback request to file root://xrootd-cms.infn.it//store/mc/RunIIFall15DR76/QCD_Pt-15to3000_TuneCUETP8M1_Flat_13TeV_pythia8/AODSIM/25nsFlat0to50NzshcalRaw_76X_mcRun2_asymptotic_v12-v1/20000/1E2B5203-7AAA-E511-B6FD-0CC47A4D762A.root
%MSG-w XrdAdaptor:  file_open 10-Mar-2016 09:35:09 GMT pre-events
Data is served from lcg.cscs.ch instead of original site infn.it
%MSG
10-Mar-2016 09:35:13 GMT  Successfully opened file root://xrootd-cms.infn.it//store/mc/RunIIFall15DR76/QCD_Pt-15to3000_TuneCUETP8M1_Flat_13TeV_pythia8/AODSIM/25nsFlat0to50NzshcalRaw_76X_mcRun2_asymptotic_v12-v1/20000/1E2B5203-7AAA-E511-B6FD-0CC47A4D762A.root
10-Mar-2016 09:35:17 GMT  Initiating request to open file file:/hdfs/dpm/phy.bris.ac.uk/home/cms/store/mc/RunIIFall15DR76/QCD_Pt-15to3000_TuneCUETP8M1_Flat_13TeV_pythia8/GEN-SIM-RAW/25nsFlat0to50NzshcalRaw_76X_mcRun2_asymptotic_v12-v1/20000/08F09D12-11AA-E511-9613-0025905A60D0.root
10-Mar-2016 09:35:17 GMT  Fallback request to file root://xrootd-cms.infn.it//store/mc/RunIIFall15DR76/QCD_Pt-15to3000_TuneCUETP8M1_Flat_13TeV_pythia8/GEN-SIM-RAW/25nsFlat0to50NzshcalRaw_76X_mcRun2_asymptotic_v12-v1/20000/08F09D12-11AA-E511-9613-0025905A60D0.root
%MSG-w XrdAdaptor:  AfterFile 10-Mar-2016 09:35:29 GMT pre-events
Data is served from T2_BE_UCL instead of original site infn.it
%MSG
10-Mar-2016 09:35:29 GMT  Successfully opened file root://xrootd-cms.infn.it//store/mc/RunIIFall15DR76/QCD_Pt-15to3000_TuneCUETP8M1_Flat_13TeV_pythia8/GEN-SIM-RAW/25nsFlat0to50NzshcalRaw_76X_mcRun2_asymptotic_v12-v1/20000/08F09D12-11AA-E511-9613-0025905A60D0.root
Begin processing the 1st record. Run 1, Event 2740835, LumiSection 18334 at 10-Mar-2016 09:35:45.873 GMT
0 ET PRE 290.755 ET POST 303.458 ETA -0.392614 PHI 0.105856
1 ET PRE 140.781 ET POST 141.642 ETA -2.53708 PHI -2.97587
2 ET PRE 61.1556 ET POST 61.8043 ETA -1.65126 PHI 2.90224
3 ET PRE 37.8289 ET POST 33.6859 ETA -0.972375 PHI -3.0107
4 ET PRE 32.5963 ET POST 15.9501 ETA -3.2163 PHI -1.74085
5 ET PRE 31.6157 ET POST 13.7154 ETA 3.71747 PHI -1.56092
6 ET PRE 31.2443 ET POST 13.2352 ETA -3.33455 PHI 0.801016
7 ET PRE 30.276 ET POST 18.0742 ETA 3.13002 PHI 2.42631
8 ET PRE 31.0781 ET POST 24.4018 ETA 0.00695812 PHI -3.10056
9 ET PRE 28.8764 ET POST 22.3762 ETA -0.0813518 PHI -1.0762
10 ET PRE 26.6027 ET POST 7.80633 ETA -3.60113 PHI 1.73371
11 ET PRE 26.3567 ET POST 7.78422 ETA -3.29546 PHI 3.01716
12 ET PRE 26.2103 ET POST 11.0189 ETA -3.76179 PHI -1.23721
13 ET PRE 25.9245 ET POST 9.06227 ETA -3.0109 PHI 2.28547
14 ET PRE 25.5909 ET POST 12.1186 ETA -4.24636 PHI 1.93771
15 ET PRE 24.712 ET POST 9.42909 ETA -2.94582 PHI -2.28557
16 ET PRE 24.9903 ET POST 18.8869 ETA 0.939995 PHI -2.49805
17 ET PRE 23.8458 ET POST 5.76838 ETA 3.71907 PHI 0.218708
18 ET PRE 23.5063 ET POST 7.38294 ETA 3.00472 PHI 0.825774
19 ET PRE 23.055 ET POST 8.20141 ETA 3.89981 PHI -2.46309
20 ET PRE 22.2787 ET POST 8.92084 ETA -3.75074 PHI 2.42727
21 ET PRE 22.2305 ET POST 4.71432 ETA 3.89484 PHI 2.73102
22 ET PRE 22.1619 ET POST 9.69962 ETA 3.4855 PHI 1.9054
23 ET PRE 21.4204 ET POST 6.5081 ETA 3.38344 PHI 1.30906
24 ET PRE 21.3097 ET POST 13.4279 ETA -2.83149 PHI 0.940441
25 ET PRE 19.3528 ET POST 7.06914 ETA 2.96185 PHI -0.338263
26 ET PRE 19.2537 ET POST 3.761 ETA 3.32596 PHI -2.0702
27 ET PRE 18.9946 ET POST 4.62348 ETA -3.5187 PHI -0.371119
28 ET PRE 18.5375 ET POST 5.64649 ETA 2.94435 PHI 0.203613
29 ET PRE 18.5241 ET POST 0.00253304 ETA -3.03212 PHI -0.841138
30 ET PRE 19.2586 ET POST 10.7217 ETA -0.363313 PHI -1.76267
31 ET PRE 18.3977 ET POST 4.96935 ETA 4.2488 PHI 0.795987
32 ET PRE 18.3561 ET POST 11.1591 ETA 0.721278 PHI -1.9179
33 ET PRE 17.9815 ET POST 9.85909 ETA -0.653082 PHI 2.15952
34 ET PRE 17.2691 ET POST 0.722761 ETA 4.07375 PHI -0.390817
35 ET PRE 17.0484 ET POST 7.64704 ETA -2.58467 PHI -1.3754
36 ET PRE 16.865 ET POST 2.81984 ETA -4.23006 PHI 0.772971
37 ET PRE 16.2871 ET POST 0.00152498 ETA 2.73957 PHI 1.90451
38 ET PRE 16.1667 ET POST 2.57373 ETA -2.85669 PHI -0.278546
39 ET PRE 16.0479 ET POST 1.59157 ETA -4.21439 PHI -2.77336
40 ET PRE 15.9357 ET POST 2.17047 ETA -3.85485 PHI -1.8762
41 ET PRE 15.7 ET POST 3.85851 ETA -4.40958 PHI 2.66527
42 ET PRE 15.2133 ET POST 0.934067 ETA -3.55872 PHI -2.56679
43 ET PRE 14.8551 ET POST 7.1786 ETA 1.17672 PHI -0.47455
44 ET PRE 14.6257 ET POST 6.28048 ETA -3.71466 PHI 1.26077
45 ET PRE 14.6116 ET POST 7.95971 ETA 1.2545 PHI -1.42137
46 ET PRE 14.2815 ET POST 6.88633 ETA -1.21469 PHI -1.51124
47 ET PRE 13.7538 ET POST 6.02139 ETA -4.58863 PHI 0.201471
48 ET PRE 13.6951 ET POST 10.2635 ETA -1.83599 PHI -1.81846
49 ET PRE 13.3452 ET POST 1.13137 ETA 4.24111 PHI -3.05373
50 ET PRE 13.0542 ET POST 9.36531 ETA 1.83005 PHI 1.21379
51 ET PRE 12.992 ET POST 6.97887 ETA -1.72032 PHI 0.256587
52 ET PRE 12.9825 ET POST 4.22915 ETA 1.23187 PHI 0.31748
53 ET PRE 12.9703 ET POST 4.21608 ETA 0.475622 PHI -0.471318
54 ET PRE 12.4482 ET POST 1.29323 ETA 3.51567 PHI -0.722988
55 ET PRE 12.4079 ET POST 1.49599 ETA 4.42034 PHI 2.33939
56 ET PRE 12.3741 ET POST 5.11232 ETA -2.58462 PHI 1.77007
57 ET PRE 12.3263 ET POST 0.10062 ETA -3.74034 PHI 0.315346
58 ET PRE 12.1567 ET POST 4.54596 ETA 1.78735 PHI 2.48708
59 ET PRE 11.8865 ET POST 6.2975 ETA -0.880233 PHI -2.51834
60 ET PRE 11.5793 ET POST 0.9109 ETA 4.30878 PHI -1.06342
61 ET PRE 11.5692 ET POST 0.00158134 ETA 3.02129 PHI -1.17705
62 ET PRE 11.464 ET POST 5.67942 ETA 4.911 PHI -0.887222
63 ET PRE 11.4192 ET POST 5.89637 ETA -1.69153 PHI -2.68819
64 ET PRE 11.3543 ET POST 5.91002 ETA -0.807453 PHI -0.338182
65 ET PRE 11.0013 ET POST 4.12154 ETA -2.6074 PHI 1.34507
66 ET PRE 11.3343 ET POST 2.09289 ETA 0.589878 PHI 1.91167
67 ET PRE 10.8157 ET POST 6.37235 ETA -1.90463 PHI -1.14625
68 ET PRE 10.752 ET POST 5.44958 ETA -1.53036 PHI 2.21117
69 ET PRE 10.5043 ET POST 1.89811 ETA -2.51451 PHI 0.145128
70 ET PRE 10.69 ET POST 3.82042 ETA 0.851371 PHI 2.56614
71 ET PRE 10.0382 ET POST 0.00115172 ETA 4.00544 PHI 1.4183
72 ET PRE 10.0241 ET POST 0.00135557 ETA 4.64206 PHI -1.91855
73 ET PRE 10.3731 ET POST 3.38141 ETA 0.247192 PHI 0.247077
74 ET PRE 9.87613 ET POST 0.00134971 ETA -4.61644 PHI -0.911748
75 ET PRE 9.90423 ET POST 2.61539 ETA 1.61419 PHI 1.76646
76 ET PRE 9.95135 ET POST 1.29585 ETA -0.915339 PHI 1.18148
77 ET PRE 9.69623 ET POST 0.00118745 ETA 2.89131 PHI -2.81896
78 ET PRE 9.62381 ET POST 5.58784 ETA 1.31549 PHI 2.7519
79 ET PRE 9.57553 ET POST 4.47793 ETA -1.89627 PHI 1.06441
80 ET PRE 9.29452 ET POST 6.99239 ETA -0.473433 PHI -2.90268
81 ET PRE 9.16265 ET POST 2.87862 ETA 0.991135 PHI 1.11989
82 ET PRE 8.92231 ET POST 1.21893 ETA -4.70811 PHI 1.12589
83 ET PRE 8.83899 ET POST 3.67226 ETA 4.91519 PHI 0.901176
84 ET PRE 8.96407 ET POST 3.65541 ETA 0.627511 PHI -3.08578
85 ET PRE 8.80235 ET POST 6.47149 ETA 1.12292 PHI 1.97146
86 ET PRE 9.00585 ET POST 1.43424 ETA -0.176457 PHI 1.04279
87 ET PRE 8.62462 ET POST 0.000807533 ETA 2.77852 PHI 2.94227
88 ET PRE 8.57028 ET POST 7.70757 ETA -2.12991 PHI 2.64326
89 ET PRE 8.18939 ET POST 3.26703 ETA -3.82953 PHI 3.11381
90 ET PRE 8.21113 ET POST 5.1523 ETA -1.3562 PHI -2.02912
91 ET PRE 7.90017 ET POST 7.65436 ETA -2.32405 PHI 0.782306
92 ET PRE 8.18381 ET POST 4.97091 ETA -0.20921 PHI -2.22785
93 ET PRE 7.73304 ET POST 3.27166 ETA 4.22954 PHI -1.68539
94 ET PRE 7.12466 ET POST 3.15214 ETA 4.9535 PHI 2.92184
95 ET PRE 7.06722 ET POST 4.71173 ETA 1.86524 PHI -1.18996
96 ET PRE 7.03784 ET POST 6.41726 ETA -2.04255 PHI 2.12141
97 ET PRE 7.30338 ET POST 3.47689 ETA -0.0602145 PHI 1.7815
98 ET PRE 7.0817 ET POST 3.80214 ETA -1.27166 PHI -0.413037
99 ET PRE 6.92674 ET POST 2.86472 ETA 3.66323 PHI 0.825603
100 ET PRE 6.89388 ET POST 1.45344 ETA 4.16143 PHI 1.91666
101 ET PRE 6.54607 ET POST 4.43386 ETA -1.49875 PHI 1.65328
102 ET PRE 6.47926 ET POST 0.930679 ETA 3.57949 PHI 3.12329
103 ET PRE 6.40921 ET POST 2.65793 ETA 4.5087 PHI -2.46781
104 ET PRE 6.38418 ET POST 3.17951 ETA 3.71413 PHI -1.10239
105 ET PRE 6.40333 ET POST 3.69637 ETA 2.01032 PHI -2.04985
106 ET PRE 6.34855 ET POST 6.65212 ETA 2.41553 PHI 2.44747
107 ET PRE 6.3341 ET POST 4.37278 ETA -3.57407 PHI -0.841156
108 ET PRE 6.50153 ET POST 3.01875 ETA 0.404946 PHI 0.648523
109 ET PRE 6.28096 ET POST 3.50801 ETA 2.31369 PHI -0.903334
110 ET PRE 6.12525 ET POST 1.5137 ETA -4.19481 PHI -0.872862
111 ET PRE 5.86589 ET POST 2.78773 ETA -4.91196 PHI -2.35087
112 ET PRE 5.80845 ET POST 2.89166 ETA 4.64277 PHI -0.392328
113 ET PRE 5.75658 ET POST 4.33444 ETA -4.96919 PHI 2.95275
114 ET PRE 5.72592 ET POST 0.000536125 ETA 2.74182 PHI -2.36985
115 ET PRE 5.73149 ET POST 1.66085 ETA 1.69793 PHI -2.57569
116 ET PRE 5.66616 ET POST 1.40024 ETA -4.21267 PHI -0.328034
117 ET PRE 5.69391 ET POST 4.50389 ETA 1.56089 PHI 0.835
118 ET PRE 5.66147 ET POST 4.05518 ETA -2.20481 PHI -1.97641
119 ET PRE 5.52096 ET POST 3.81632 ETA -4.91274 PHI 2.27261
120 ET PRE 5.50458 ET POST 3.85377 ETA -4.51941 PHI -3.08908
121 ET PRE 5.69995 ET POST 3.72998 ETA -0.0734447 PHI -0.398641
122 ET PRE 5.48389 ET POST 2.20506 ETA -2.71655 PHI 2.83799
123 ET PRE 5.47277 ET POST 3.83982 ETA 2.1177 PHI -3.08453
124 ET PRE 5.39731 ET POST 2.53821 ETA 4.6009 PHI 1.39281
125 ET PRE 5.55255 ET POST 1.92714 ETA 0.157534 PHI 2.47264
126 ET PRE 5.41435 ET POST 2.63308 ETA -0.833756 PHI 2.69493
127 ET PRE 5.27851 ET POST 2.91871 ETA 3.11031 PHI -1.70513
128 ET PRE 5.18834 ET POST 1.83432 ETA 3.38847 PHI -2.64447
129 ET PRE 5.16345 ET POST 1.78702 ETA -4.19216 PHI -2.29057
130 ET PRE 5.03533 ET POST 4.10213 ETA -4.9767 PHI -0.260957
Begin processing the 2nd record. Run 1, Event 2740836, LumiSection 18334 at 10-Mar-2016 09:35:45.920 GMT
0 ET PRE 244.496 ET POST 268.508 ETA -1.10094 PHI 1.66798
1 ET PRE 139.355 ET POST 146.542 ETA -0.170965 PHI -1.29807
2 ET PRE 121.793 ET POST 126.912 ETA 0.271843 PHI -1.52953
3 ET PRE 13.1121 ET POST 9.9354 ETA 3.97429 PHI 2.13898
4 ET PRE 12.0004 ET POST 11.5383 ETA -1.40042 PHI -2.73377
5 ET PRE 11.4993 ET POST 11.8466 ETA -0.0416326 PHI -1.89917
6 ET PRE 11.3224 ET POST 11.1627 ETA 1.44606 PHI 1.50308
7 ET PRE 10.5902 ET POST 6.54697 ETA 3.29558 PHI -2.23661
8 ET PRE 9.79562 ET POST 6.81656 ETA -2.98423 PHI -1.56086
9 ET PRE 9.51651 ET POST 5.70984 ETA 3.15228 PHI -1.16488
10 ET PRE 8.78128 ET POST 7.01867 ETA 2.62541 PHI 0.89603
11 ET PRE 8.06931 ET POST 5.93699 ETA -3.03907 PHI 1.72808
12 ET PRE 7.778 ET POST 4.61557 ETA 3.26038 PHI -0.172567
13 ET PRE 7.70293 ET POST 5.71198 ETA -3.58509 PHI 2.27915
14 ET PRE 7.51281 ET POST 7.52604 ETA -1.49405 PHI -1.26091
15 ET PRE 7.52413 ET POST 7.37301 ETA 0.356329 PHI -0.883322
16 ET PRE 6.64897 ET POST 3.71881 ETA -2.83851 PHI -2.62944
17 ET PRE 6.50706 ET POST 6.68685 ETA 1.8869 PHI -0.387352
18 ET PRE 6.33266 ET POST 6.44716 ETA 1.55829 PHI 2.34004
19 ET PRE 6.27985 ET POST 5.11913 ETA -4.01411 PHI -1.55455
20 ET PRE 6.16815 ET POST 4.19206 ETA 3.51699 PHI 2.88609
21 ET PRE 5.79301 ET POST 5.17585 ETA -2.8803 PHI 2.2744
22 ET PRE 5.64758 ET POST 4.37561 ETA 4.03834 PHI -2.64758
23 ET PRE 5.44903 ET POST 4.39788 ETA -3.14384 PHI 1.18454
24 ET PRE 5.26081 ET POST 3.88433 ETA -4.04157 PHI 1.25683
25 ET PRE 5.19049 ET POST 4.35376 ETA 4.36955 PHI -1.88066
26 ET PRE 5.15879 ET POST 4.29304 ETA 3.54496 PHI -1.49324
27 ET PRE 5.15086 ET POST 4.15485 ETA -4.16745 PHI 2.09901
28 ET PRE 5.14313 ET POST 3.72966 ETA 3.71335 PHI 1.56574
29 ET PRE 5.14073 ET POST 5.25713 ETA 4.5909 PHI 2.54936
30 ET PRE 5.12649 ET POST 6.53274 ETA -2.40991 PHI 1.39775
31 ET PRE 5.12791 ET POST 4.45162 ETA -2.21376 PHI -2.82454
32 ET PRE 5.04962 ET POST 3.67567 ETA 3.87159 PHI -0.760632
10-Mar-2016 09:35:45 GMT  Closed file root://xrootd-cms.infn.it//store/mc/RunIIFall15DR76/QCD_Pt-15to3000_TuneCUETP8M1_Flat_13TeV_pythia8/AODSIM/25nsFlat0to50NzshcalRaw_76X_mcRun2_asymptotic_v12-v1/20000/1E2B5203-7AAA-E511-B6FD-0CC47A4D762A.root
10-Mar-2016 09:35:45 GMT  Closed file root://xrootd-cms.infn.it//store/mc/RunIIFall15DR76/QCD_Pt-15to3000_TuneCUETP8M1_Flat_13TeV_pythia8/GEN-SIM-RAW/25nsFlat0to50NzshcalRaw_76X_mcRun2_asymptotic_v12-v1/20000/08F09D12-11AA-E511-9613-0025905A60D0.root

=============================================

MessageLogger Summary

 type     category        sev    module        subroutine        count    total
 ---- -------------------- -- ---------------- ----------------  -----    -----
    1 XrdAdaptor           -w AfterFile                              1        1
    2 XrdAdaptor           -w file_open                              1        1
    3 fileAction           -s AfterFile                              3        3
    4 fileAction           -s AfterModEndJob                         1        1
    5 fileAction           -s file_close                             1        1
    6 fileAction           -s file_open                              3        3

 type    category    Examples: run/evt        run/evt          run/evt
 ---- -------------------- ---------------- ---------------- ----------------
    1 XrdAdaptor           pre-events                        
    2 XrdAdaptor           pre-events                        
    3 fileAction           pre-events       pre-events       pre-events
    4 fileAction           PostEndRun                        
    5 fileAction           PostEndRun                        
    6 fileAction           pre-events       pre-events       pre-events

Severity    # Occurrences   Total Occurrences
--------    -------------   -----------------
Warning                 2                   2
System                  8                   8
